Determining if the pthread_create exist failed with the following output:
Change Dir: /home/naivehobo/Desktop/eve/catkin_ws/src/simulation/eve_sim/cmake-build-debug/CMakeFiles/CMakeTmp

Run Build Command:"/usr/bin/make" "cmTC_52561/fast"
/usr/bin/make -f CMakeFiles/cmTC_52561.dir/build.make CMakeFiles/cmTC_52561.dir/build
make[1]: Entering directory '/home/naivehobo/Desktop/eve/catkin_ws/src/simulation/eve_sim/cmake-build-debug/CMakeFiles/CMakeTmp'
Building C object CMakeFiles/cmTC_52561.dir/CheckSymbolExists.c.o
/usr/bin/cc    -o CMakeFiles/cmTC_52561.dir/CheckSymbolExists.c.o   -c /home/naivehobo/Desktop/eve/catkin_ws/src/simulation/eve_sim/cmake-build-debug/CMakeFiles/CMakeTmp/CheckSymbolExists.c
Linking C executable cmTC_52561
/opt/clion-2018.3.3/bin/cmake/linux/bin/cmake -E cmake_link_script CMakeFiles/cmTC_52561.dir/link.txt --verbose=1
/usr/bin/cc      -rdynamic CMakeFiles/cmTC_52561.dir/CheckSymbolExists.c.o  -o cmTC_52561 
CMakeFiles/cmTC_52561.dir/CheckSymbolExists.c.o: In function `main':
CheckSymbolExists.c:(.text+0x1b): undefined reference to `pthread_create'
collect2: error: ld returned 1 exit status
CMakeFiles/cmTC_52561.dir/build.make:86: recipe for target 'cmTC_52561' failed
make[1]: *** [cmTC_52561] Error 1
make[1]: Leaving directory '/home/naivehobo/Desktop/eve/catkin_ws/src/simulation/eve_sim/cmake-build-debug/CMakeFiles/CMakeTmp'
Makefile:121: recipe for target 'cmTC_52561/fast' failed
make: *** [cmTC_52561/fast] Error 2

File /home/naivehobo/Desktop/eve/catkin_ws/src/simulation/eve_sim/cmake-build-debug/CMakeFiles/CMakeTmp/CheckSymbolExists.c:
/* */
#include <pthread.h>

int main(int argc, char** argv)
{
  (void)argv;
#ifndef pthread_create
  return ((int*)(&pthread_create))[argc];
#else
  (void)argc;
  return 0;
#endif
}

Determining if the function pthread_create exists in the pthreads failed with the following output:
Change Dir: /home/naivehobo/Desktop/eve/catkin_ws/src/simulation/eve_sim/cmake-build-debug/CMakeFiles/CMakeTmp

Run Build Command:"/usr/bin/make" "cmTC_c5632/fast"
/usr/bin/make -f CMakeFiles/cmTC_c5632.dir/build.make CMakeFiles/cmTC_c5632.dir/build
make[1]: Entering directory '/home/naivehobo/Desktop/eve/catkin_ws/src/simulation/eve_sim/cmake-build-debug/CMakeFiles/CMakeTmp'
Building C object CMakeFiles/cmTC_c5632.dir/CheckFunctionExists.c.o
/usr/bin/cc   -DCHECK_FUNCTION_EXISTS=pthread_create   -o CMakeFiles/cmTC_c5632.dir/CheckFunctionExists.c.o   -c /opt/clion-2018.3.3/bin/cmake/linux/share/cmake-3.13/Modules/CheckFunctionExists.c
Linking C executable cmTC_c5632
/opt/clion-2018.3.3/bin/cmake/linux/bin/cmake -E cmake_link_script CMakeFiles/cmTC_c5632.dir/link.txt --verbose=1
/usr/bin/cc  -DCHECK_FUNCTION_EXISTS=pthread_create    -rdynamic CMakeFiles/cmTC_c5632.dir/CheckFunctionExists.c.o  -o cmTC_c5632 -lpthreads 
/usr/bin/ld: cannot find -lpthreads
collect2: error: ld returned 1 exit status
CMakeFiles/cmTC_c5632.dir/build.make:86: recipe for target 'cmTC_c5632' failed
make[1]: *** [cmTC_c5632] Error 1
make[1]: Leaving directory '/home/naivehobo/Desktop/eve/catkin_ws/src/simulation/eve_sim/cmake-build-debug/CMakeFiles/CMakeTmp'
Makefile:121: recipe for target 'cmTC_c5632/fast' failed
make: *** [cmTC_c5632/fast] Error 2


