Determining if the pthread_create exist failed with the following output:
Change Dir: /home/naivehobo/Desktop/eve/catkin_ws/src/simulation/eve_plugin/cmake-build-debug/CMakeFiles/CMakeTmp

Run Build Command:"/usr/bin/make" "cmTC_60fe8/fast"
/usr/bin/make -f CMakeFiles/cmTC_60fe8.dir/build.make CMakeFiles/cmTC_60fe8.dir/build
make[1]: Entering directory '/home/naivehobo/Desktop/eve/catkin_ws/src/simulation/eve_plugin/cmake-build-debug/CMakeFiles/CMakeTmp'
Building C object CMakeFiles/cmTC_60fe8.dir/CheckSymbolExists.c.o
/usr/bin/cc    -o CMakeFiles/cmTC_60fe8.dir/CheckSymbolExists.c.o   -c /home/naivehobo/Desktop/eve/catkin_ws/src/simulation/eve_plugin/cmake-build-debug/CMakeFiles/CMakeTmp/CheckSymbolExists.c
Linking C executable cmTC_60fe8
/opt/clion-2018.3.3/bin/cmake/linux/bin/cmake -E cmake_link_script CMakeFiles/cmTC_60fe8.dir/link.txt --verbose=1
/usr/bin/cc      -rdynamic CMakeFiles/cmTC_60fe8.dir/CheckSymbolExists.c.o  -o cmTC_60fe8 
CMakeFiles/cmTC_60fe8.dir/CheckSymbolExists.c.o: In function `main':
CheckSymbolExists.c:(.text+0x1b): undefined reference to `pthread_create'
collect2: error: ld returned 1 exit status
CMakeFiles/cmTC_60fe8.dir/build.make:86: recipe for target 'cmTC_60fe8' failed
make[1]: *** [cmTC_60fe8] Error 1
make[1]: Leaving directory '/home/naivehobo/Desktop/eve/catkin_ws/src/simulation/eve_plugin/cmake-build-debug/CMakeFiles/CMakeTmp'
Makefile:121: recipe for target 'cmTC_60fe8/fast' failed
make: *** [cmTC_60fe8/fast] Error 2

File /home/naivehobo/Desktop/eve/catkin_ws/src/simulation/eve_plugin/cmake-build-debug/CMakeFiles/CMakeTmp/CheckSymbolExists.c:
/* */
#include <pthread.h>

int main(int argc, char** argv)
{
  (void)argv;
#ifndef pthread_create
  return ((int*)(&pthread_create))[argc];
#else
  (void)argc;
  return 0;
#endif
}

Determining if the function pthread_create exists in the pthreads failed with the following output:
Change Dir: /home/naivehobo/Desktop/eve/catkin_ws/src/simulation/eve_plugin/cmake-build-debug/CMakeFiles/CMakeTmp

Run Build Command:"/usr/bin/make" "cmTC_eef3d/fast"
/usr/bin/make -f CMakeFiles/cmTC_eef3d.dir/build.make CMakeFiles/cmTC_eef3d.dir/build
make[1]: Entering directory '/home/naivehobo/Desktop/eve/catkin_ws/src/simulation/eve_plugin/cmake-build-debug/CMakeFiles/CMakeTmp'
Building C object CMakeFiles/cmTC_eef3d.dir/CheckFunctionExists.c.o
/usr/bin/cc   -DCHECK_FUNCTION_EXISTS=pthread_create   -o CMakeFiles/cmTC_eef3d.dir/CheckFunctionExists.c.o   -c /opt/clion-2018.3.3/bin/cmake/linux/share/cmake-3.13/Modules/CheckFunctionExists.c
Linking C executable cmTC_eef3d
/opt/clion-2018.3.3/bin/cmake/linux/bin/cmake -E cmake_link_script CMakeFiles/cmTC_eef3d.dir/link.txt --verbose=1
/usr/bin/cc  -DCHECK_FUNCTION_EXISTS=pthread_create    -rdynamic CMakeFiles/cmTC_eef3d.dir/CheckFunctionExists.c.o  -o cmTC_eef3d -lpthreads 
/usr/bin/ld: cannot find -lpthreads
collect2: error: ld returned 1 exit status
CMakeFiles/cmTC_eef3d.dir/build.make:86: recipe for target 'cmTC_eef3d' failed
make[1]: *** [cmTC_eef3d] Error 1
make[1]: Leaving directory '/home/naivehobo/Desktop/eve/catkin_ws/src/simulation/eve_plugin/cmake-build-debug/CMakeFiles/CMakeTmp'
Makefile:121: recipe for target 'cmTC_eef3d/fast' failed
make: *** [cmTC_eef3d/fast] Error 2


